2024-07-03 22:08:31;DEBUG;Attempting to start Groovester!
2024-07-03 22:08:31;DEBUG;Using selector: EpollSelector
2024-07-03 22:08:31;INFO;logging in using static token
2024-07-03 22:08:32;INFO;Shard ID None has connected to Gateway (Session ID: 683212105cbdf7a65a02ff854e543df1).
2024-07-03 22:08:34;INFO;Groovester started Successfully!
2024-07-03 22:08:47;DEBUG;Message from camsterrrr: !help
2024-07-03 22:08:47;DEBUG;Message from Groovesterrrr#0306: Usage: '!play *YouTube URL*':	Groovester will download YouTube video and play it in a voice channel!
2024-07-03 22:17:06;DEBUG;Message from camsterrrr: !play
2024-07-03 22:17:06;ERROR;Ignoring exception in on_message
Traceback (most recent call last):
  File "/home/jbone/.local/lib/python3.10/site-packages/discord/client.py", line 449, in _run_event
    await coro(*args, **kwargs)
  File "/home/jbone/onedrive/projects/Groovester/src/Groovester.py", line 152, in on_message
    await message.channel.send(_helpPlayCommand)
TypeError: 'Message' object is not subscriptable
2024-07-03 22:17:46;DEBUG;Message from camsterrrr: !help
2024-07-03 22:17:47;DEBUG;Message from Groovesterrrr#0306: Usage: '!play *YouTube URL*':	Groovester will download YouTube video and play it in a voice channel!
2024-07-03 22:19:43;DEBUG;Message from camsterrrr: !play
2024-07-03 22:19:43;ERROR;Ignoring exception in on_message
Traceback (most recent call last):
  File "/home/jbone/.local/lib/python3.10/site-packages/discord/client.py", line 449, in _run_event
    await coro(*args, **kwargs)
  File "/home/jbone/onedrive/projects/Groovester/src/Groovester.py", line 152, in on_message
    #! Todo: Find API that can test if the URL is valid.
TypeError: 'Message' object is not subscriptable
2024-07-03 22:21:10;DEBUG;Message from camsterrrr: !play
2024-07-03 22:21:10;ERROR;Ignoring exception in on_message
Traceback (most recent call last):
  File "/home/jbone/.local/lib/python3.10/site-packages/discord/client.py", line 449, in _run_event
    await coro(*args, **kwargs)
  File "/home/jbone/onedrive/projects/Groovester/src/Groovester.py", line 152, in on_message
    #! Todo: Find API that can test if the URL is valid.
TypeError: 'Message' object is not subscriptable
2024-07-03 22:21:41;DEBUG;Message from camsterrrr: !play
2024-07-03 22:21:41;ERROR;Ignoring exception in on_message
Traceback (most recent call last):
  File "/home/jbone/.local/lib/python3.10/site-packages/discord/client.py", line 449, in _run_event
    await coro(*args, **kwargs)
  File "/home/jbone/onedrive/projects/Groovester/src/Groovester.py", line 152, in on_message
    #! Todo: Find API that can test if the URL is valid.
TypeError: 'Message' object is not subscriptable
2024-07-03 22:21:53;DEBUG;Message from camsterrrr: !play domain
2024-07-03 22:21:53;ERROR;Ignoring exception in on_message
Traceback (most recent call last):
  File "/home/jbone/.local/lib/python3.10/site-packages/discord/client.py", line 449, in _run_event
    await coro(*args, **kwargs)
  File "/home/jbone/onedrive/projects/Groovester/src/Groovester.py", line 152, in on_message
    #! Todo: Find API that can test if the URL is valid.
TypeError: 'Message' object is not subscriptable
2024-07-03 22:28:23;DEBUG;Attempting to start Groovester!
2024-07-03 22:28:23;DEBUG;Using selector: EpollSelector
2024-07-03 22:28:23;INFO;logging in using static token
2024-07-03 22:28:25;INFO;Shard ID None has connected to Gateway (Session ID: 203c205e7db5eae7b40502189c06210c).
2024-07-03 22:28:27;INFO;Groovester started Successfully!
2024-07-03 22:28:36;DEBUG;Message received from camsterrrr: !play
2024-07-03 22:28:36;DEBUG;Message received from Groovesterrrr#0306: Incorrect !play usage!
Usage:	 !play *URL to YouTube video*
2024-07-03 22:30:02;DEBUG;Message received from camsterrrr: !play
2024-07-03 22:30:02;DEBUG;Message received from Groovesterrrr#0306: Incorrect !play usage!
Usage:	 !play *URL to YouTube video*
2024-07-03 22:30:13;DEBUG;Message received from camsterrrr: !play adsf
2024-07-03 22:30:49;DEBUG;Message received from camsterrrr: !play asdfasdf
2024-07-03 22:30:57;DEBUG;Message received from camsterrrr: !help
2024-07-03 22:30:58;DEBUG;Message received from Groovesterrrr#0306: !play usage:	 !play *URL to YouTube URL*
	Groovester will download YouTube video and play it in a voice channel!
2024-07-03 22:31:43;DEBUG;Message received from camsterrrr: !play asdfasdfasdf
2024-07-03 22:31:55;DEBUG;Attempting to start Groovester!
2024-07-03 22:31:55;DEBUG;Using selector: EpollSelector
2024-07-03 22:31:55;INFO;logging in using static token
2024-07-03 22:31:56;INFO;Shard ID None has connected to Gateway (Session ID: aeee06d11bff4c6754d53cb7876c0150).
2024-07-03 22:31:58;INFO;Groovester started Successfully!
2024-07-03 22:32:17;DEBUG;Message received from camsterrrr: !play asdfasdfasdf
2024-07-07 05:35:44;DEBUG;Attempting to start Groovester!
2024-07-07 05:35:44;DEBUG;Using selector: EpollSelector
2024-07-07 05:35:44;INFO;logging in using static token
2024-07-07 05:35:45;INFO;Shard ID None has connected to Gateway (Session ID: 2b402adf06fb47f0dd4e52b2b73561e5).
2024-07-07 05:35:47;INFO;Groovester started Successfully!
2024-07-07 05:35:55;DEBUG;Message received from camsterrrr: !join
2024-07-07 05:35:55;ERROR;Ignoring exception in on_message
Traceback (most recent call last):
  File "/home/jbone/.local/lib/python3.10/site-packages/discord/client.py", line 449, in _run_event
    await coro(*args, **kwargs)
  File "/home/jbone/onedrive/projects/Groovester/src/Groovester.py", line 237, in on_message
    log.error("!join failed, " + message.author + " is not in a voice channel.")
TypeError: can only concatenate str (not "Member") to str
2024-07-07 05:36:25;DEBUG;Message received from camsterrrr: !join
2024-07-07 05:36:25;ERROR;PyNaCl library needed in order to use voice
2024-07-07 05:37:23;DEBUG;Message received from camsterrrr: !join
2024-07-07 05:37:23;ERROR;Ignoring exception in on_message
Traceback (most recent call last):
  File "/home/jbone/.local/lib/python3.10/site-packages/discord/client.py", line 449, in _run_event
    await coro(*args, **kwargs)
  File "/home/jbone/onedrive/projects/Groovester/src/Groovester.py", line 237, in on_message
    log.error("!join failed, author is not in a voice channel.")
TypeError: can only concatenate str (not "Member") to str
2024-07-07 05:37:42;DEBUG;Attempting to start Groovester!
2024-07-07 05:37:42;DEBUG;Using selector: EpollSelector
2024-07-07 05:37:42;INFO;logging in using static token
2024-07-07 05:37:43;INFO;Shard ID None has connected to Gateway (Session ID: 814c3d80837ef21c981ebd542fdbcac7).
2024-07-07 05:37:45;INFO;Groovester started Successfully!
2024-07-07 05:37:49;DEBUG;Message received from camsterrrr: !join
2024-07-07 05:37:49;ERROR;!join failed, author is not in a voice channel.
2024-07-07 05:37:49;ERROR;Ignoring exception in on_message
Traceback (most recent call last):
  File "/home/jbone/.local/lib/python3.10/site-packages/discord/client.py", line 449, in _run_event
    await coro(*args, **kwargs)
  File "/home/jbone/onedrive/projects/Groovester/src/Groovester.py", line 238, in on_message
    await ctx.send(_joinCommandNoActiveVoiceChannel)
NameError: name 'ctx' is not defined
2024-07-07 05:38:28;DEBUG;Message received from camsterrrr: !jjoin
2024-07-07 05:38:46;DEBUG;Attempting to start Groovester!
2024-07-07 05:38:46;DEBUG;Using selector: EpollSelector
2024-07-07 05:38:46;INFO;logging in using static token
2024-07-07 05:38:47;INFO;Shard ID None has connected to Gateway (Session ID: 03a3cff99265ac758ea93ebdc60e4a48).
2024-07-07 05:38:49;INFO;Groovester started Successfully!
2024-07-07 05:38:54;DEBUG;Message received from camsterrrr: !join
2024-07-07 05:38:54;ERROR;!join failed, author is not in a voice channel.
2024-07-07 05:38:54;DEBUG;Message received from Groovesterrrr#0306: Incorrect !join usage...
	You are not currently in a voice channel.
2024-07-07 05:39:05;DEBUG;Message received from camsterrrr: !join
2024-07-07 05:39:05;ERROR;PyNaCl library needed in order to use voice
2024-07-07 05:39:57;DEBUG;Attempting to start Groovester!
2024-07-07 05:39:57;DEBUG;Using selector: EpollSelector
2024-07-07 05:39:57;INFO;logging in using static token
2024-07-07 05:39:58;INFO;Shard ID None has connected to Gateway (Session ID: b5c28d8f7d7bf00becd78b367407f625).
2024-07-07 05:40:00;INFO;Groovester started Successfully!
2024-07-07 05:40:07;DEBUG;Message received from camsterrrr: !jjoin
2024-07-07 05:40:15;DEBUG;Message received from camsterrrr: !join
2024-07-07 05:40:15;ERROR;PyNaCl library needed in order to use voice
2024-07-07 05:40:33;DEBUG;Message received from camsterrrr: !help
2024-07-07 05:40:33;DEBUG;Message received from Groovesterrrr#0306: !play usage:	 !play *URL to YouTube URL*
	Groovester will download YouTube video and play it in a voice channel!
2024-07-07 05:40:33;DEBUG;Message received from Groovesterrrr#0306: Incorrect !play usage...
	Please enter a valid domain.
2024-07-07 05:41:13;DEBUG;Message received from camsterrrr: !join
2024-07-07 05:41:13;ERROR;!join failed, author is not in a voice channel.
2024-07-07 05:41:13;DEBUG;Message received from Groovesterrrr#0306: Incorrect !join usage...
	You are not currently in a voice channel.
2024-07-08 18:21:11;DEBUG;Attempting to start Groovester!
2024-07-08 18:21:11;DEBUG;Using selector: EpollSelector
2024-07-08 18:21:11;INFO;logging in using static token
2024-07-08 18:21:12;INFO;Shard ID None has connected to Gateway (Session ID: 4cd2c0e82aa24eba6356f170e80f8d68).
2024-07-08 18:21:14;INFO;Groovester started Successfully!
2024-07-08 18:22:01;DEBUG;Attempting to start Groovester!
2024-07-08 18:22:01;DEBUG;Using selector: EpollSelector
2024-07-08 18:22:01;INFO;logging in using static token
2024-07-08 18:22:02;INFO;Shard ID None has connected to Gateway (Session ID: 3bc50915a300048addb57a1a56ce830b).
2024-07-08 18:22:04;INFO;Groovester started Successfully!
2024-07-08 18:29:40;ERROR;Attempting a reconnect in 1.41s
Traceback (most recent call last):
  File "/home/jbone/.local/lib/python3.10/site-packages/discord/client.py", line 667, in connect
    await self.ws.poll_event()
  File "/home/jbone/.local/lib/python3.10/site-packages/discord/gateway.py", line 648, in poll_event
    raise ConnectionClosed(self.socket, shard_id=self.shard_id, code=code) from None
discord.errors.ConnectionClosed: Shard ID None WebSocket closed with 1000
2024-07-08 18:29:42;INFO;Shard ID None has successfully RESUMED session 3bc50915a300048addb57a1a56ce830b.
2024-07-08 19:04:11;ERROR;Attempting a reconnect in 1.17s
Traceback (most recent call last):
  File "/home/jbone/.local/lib/python3.10/site-packages/discord/client.py", line 667, in connect
    await self.ws.poll_event()
  File "/home/jbone/.local/lib/python3.10/site-packages/discord/gateway.py", line 648, in poll_event
    raise ConnectionClosed(self.socket, shard_id=self.shard_id, code=code) from None
discord.errors.ConnectionClosed: Shard ID None WebSocket closed with 1000
2024-07-08 19:04:13;INFO;Shard ID None session has been invalidated.
2024-07-08 19:04:18;INFO;Shard ID None has connected to Gateway (Session ID: e4915af7f7d0cf049139057de36fe6a2).
2024-07-08 19:04:20;INFO;Groovester started Successfully!
2024-07-09 02:22:38;INFO;Shard ID None has successfully RESUMED session e4915af7f7d0cf049139057de36fe6a2.
2024-07-09 04:14:41;INFO;Shard ID None has successfully RESUMED session e4915af7f7d0cf049139057de36fe6a2.
2024-07-09 04:20:59;ERROR;Attempting a reconnect in 0.84s
Traceback (most recent call last):
  File "/home/jbone/.local/lib/python3.10/site-packages/discord/client.py", line 667, in connect
    await self.ws.poll_event()
  File "/home/jbone/.local/lib/python3.10/site-packages/discord/gateway.py", line 648, in poll_event
    raise ConnectionClosed(self.socket, shard_id=self.shard_id, code=code) from None
discord.errors.ConnectionClosed: Shard ID None WebSocket closed with 1000
2024-07-09 04:21:00;INFO;Shard ID None session has been invalidated.
2024-07-09 04:21:06;INFO;Shard ID None has connected to Gateway (Session ID: bcf19ea0235e594ec2cc2b809b04e1e4).
2024-07-09 04:21:08;INFO;Groovester started Successfully!
2024-07-09 04:27:13;DEBUG;Attempting to start Groovester!
2024-07-09 04:27:13;DEBUG;Using selector: EpollSelector
2024-07-09 04:27:13;INFO;logging in using static token
2024-07-09 04:27:14;INFO;Shard ID None has connected to Gateway (Session ID: f105a9969e7027da0c2ed15064b61b99).
2024-07-09 04:27:16;INFO;Groovester started Successfully!
2024-07-09 04:27:31;DEBUG;Message received from camsterrrr: !join
2024-07-09 04:27:31;ERROR;!join failed, author is not in a voice channel.
2024-07-09 04:27:31;DEBUG;Message received from camsterrrr: !join
2024-07-09 04:27:31;ERROR;!join failed, author is not in a voice channel.
2024-07-09 04:27:31;DEBUG;Message received from Groovesterrrr#0306: Incorrect !join usage...
	You are not currently in a voice channel.
2024-07-09 04:27:31;DEBUG;Message received from Groovesterrrr#0306: Incorrect !join usage...
	You are not currently in a voice channel.
2024-07-09 04:27:31;DEBUG;Message received from Groovesterrrr#0306: Incorrect !join usage...
	You are not currently in a voice channel.
2024-07-09 04:27:31;DEBUG;Message received from Groovesterrrr#0306: Incorrect !join usage...
	You are not currently in a voice channel.
2024-07-09 04:27:51;DEBUG;Message received from camsterrrr: !join
2024-07-09 04:27:51;ERROR;PyNaCl library needed in order to use voice
2024-07-09 04:27:51;DEBUG;Message received from camsterrrr: !join
2024-07-09 04:27:51;ERROR;PyNaCl library needed in order to use voice
2024-07-09 04:30:02;DEBUG;Attempting to start Groovester!
2024-07-09 04:30:02;DEBUG;Using selector: EpollSelector
2024-07-09 04:30:02;INFO;logging in using static token
2024-07-09 04:30:02;INFO;Shard ID None has connected to Gateway (Session ID: f8831b46150e593633a7771a8f5b9365).
2024-07-09 04:30:04;INFO;Groovester started Successfully!
2024-07-09 04:40:25;DEBUG;Message received from camsterrrr: !help
2024-07-09 04:40:25;DEBUG;Message received from Groovesterrrr#0306: !play usage:	 !play *URL to YouTube URL*
	Groovester will download YouTube video and play it in a voice channel!
2024-07-09 04:40:25;DEBUG;Message received from Groovesterrrr#0306: Incorrect !play usage...
	Please enter a valid domain.
2024-07-09 04:40:29;DEBUG;Message received from camsterrrr: !join
2024-07-09 04:40:29;ERROR;PyNaCl library needed in order to use voice
2024-07-09 05:31:03;DEBUG;Message received from camsterrrr: !join
2024-07-09 05:31:03;ERROR;PyNaCl library needed in order to use voice
2024-07-09 05:31:10;DEBUG;Attempting to start Groovester!
2024-07-09 05:31:10;DEBUG;Using selector: EpollSelector
2024-07-09 05:31:10;INFO;logging in using static token
2024-07-09 05:31:11;INFO;Shard ID None has connected to Gateway (Session ID: ef7f4190d8866eefe77f05d0785960a5).
2024-07-09 05:31:13;INFO;Groovester started Successfully!
2024-07-09 05:31:17;DEBUG;Message received from camsterrrr: !join
2024-07-09 05:31:17;ERROR;PyNaCl library needed in order to use voice
2024-07-09 05:37:34;DEBUG;Attempting to start Groovester!
2024-07-09 05:37:34;DEBUG;Using selector: EpollSelector
2024-07-09 05:37:34;INFO;logging in using static token
2024-07-09 05:37:35;INFO;Shard ID None has connected to Gateway (Session ID: 47e287f9a144c846498afa9f408c288b).
2024-07-09 05:37:37;INFO;Groovester started Successfully!
2024-07-09 05:37:43;DEBUG;Message received from camsterrrr: !join
2024-07-09 05:37:43;ERROR;PyNaCl library needed in order to use voice
2024-07-09 05:40:57;DEBUG;Message received from camsterrrr: !join
2024-07-09 05:40:57;ERROR;PyNaCl library needed in order to use voice
2024-07-09 05:46:02;DEBUG;Attempting to start Groovester!
2024-07-09 05:46:02;DEBUG;Using selector: EpollSelector
2024-07-09 05:46:02;INFO;logging in using static token
2024-07-09 05:46:03;INFO;Shard ID None has connected to Gateway (Session ID: 715af27044756ea18426e9a5b024ebe2).
2024-07-09 05:46:05;INFO;Groovester started Successfully!
2024-07-09 05:46:35;DEBUG;Message received from camsterrrr: !join
2024-07-09 05:46:35;DEBUG;!join attempting to connect to voice channel: General (ID: 984963250238140430)
2024-07-09 05:46:35;ERROR;PyNaCl library needed in order to use voice
2024-07-09 05:47:14;DEBUG;Message received from camsterrrr: !join
2024-07-09 05:47:14;DEBUG;!join attempting to connect to voice channel: General (ID: 984963250238140430)
2024-07-09 05:47:14;ERROR;PyNaCl library needed in order to use voice
2024-07-09 05:47:21;DEBUG;Attempting to start Groovester!
2024-07-09 05:47:21;DEBUG;Using selector: EpollSelector
2024-07-09 05:47:21;INFO;logging in using static token
2024-07-09 05:47:21;INFO;Shard ID None has connected to Gateway (Session ID: 6e2b0169c5f416f4fa743e028a88222e).
2024-07-09 05:47:23;INFO;Groovester started Successfully!
2024-07-09 05:47:27;DEBUG;Message received from camsterrrr: !join
2024-07-09 05:47:27;DEBUG;!join attempting to connect to voice channel: General (ID: 984963250238140430)
2024-07-09 05:47:27;ERROR;PyNaCl library needed in order to use voice
2024-07-09 05:49:39;DEBUG;Attempting to start Groovester!
2024-07-09 05:49:39;DEBUG;Using selector: EpollSelector
2024-07-09 05:49:39;INFO;logging in using static token
2024-07-09 05:49:40;INFO;Shard ID None has connected to Gateway (Session ID: 510f7714cbb00d1fd22d4fb6cee4a7cd).
2024-07-09 05:49:42;INFO;Groovester started Successfully!
2024-07-09 05:49:45;DEBUG;Message received from camsterrrr: !join
2024-07-09 05:49:45;DEBUG;!join attempting to connect to voice channel: General (ID: 984963250238140430)
2024-07-09 05:49:45;INFO;Connecting to voice...
2024-07-09 05:49:45;INFO;Starting voice handshake... (connection attempt 1)
2024-07-09 05:49:45;INFO;Voice handshake complete. Endpoint found: santa-clara4454.discord.media
2024-07-09 05:49:46;INFO;Voice connection complete.
2024-07-09 05:49:46;DEBUG;!join successfully connected to the voice channel: General (ID: 984963250238140430)
2024-07-09 05:49:46;DEBUG;Message received from Groovester#0306: !play usage:	 !play *URL to YouTube URL*
	Groovester will download YouTube video and play it in a voice channel!
2024-07-09 05:49:46;DEBUG;Message received from Groovester#0306: Incorrect !play usage...
	Please enter a valid domain.
2024-07-09 05:50:02;INFO;The voice handshake is being terminated for Channel ID 984963250238140430 (Guild ID 984963250238140426)
2024-07-09 06:15:44;DEBUG;Message received from camsterrrr: !join
2024-07-09 06:15:44;DEBUG;!join attempting to connect to voice channel: General (ID: 984963250238140430)
2024-07-09 06:15:44;INFO;Connecting to voice...
2024-07-09 06:15:44;INFO;Starting voice handshake... (connection attempt 1)
2024-07-09 06:15:44;INFO;Voice handshake complete. Endpoint found: santa-clara4454.discord.media
2024-07-09 06:15:44;INFO;Voice connection complete.
2024-07-09 06:15:44;DEBUG;!join successfully connected to the voice channel: General (ID: 984963250238140430)
2024-07-09 06:15:44;DEBUG;Message received from Groovester#0306: !play usage:	 !play *URL to YouTube URL*
	Groovester will download YouTube video and play it in a voice channel!
2024-07-09 06:15:45;DEBUG;Message received from Groovester#0306: Incorrect !play usage...
	Please enter a valid domain.
2024-07-09 06:15:52;DEBUG;Message received from camsterrrr: !leave
2024-07-09 06:15:57;INFO;Disconnected from voice by force... potentially reconnecting.
2024-07-09 06:15:57;INFO;The voice handshake is being terminated for Channel ID 984963250238140430 (Guild ID 984963250238140426)
2024-07-09 06:15:57;INFO;Reconnect was unsuccessful, disconnecting from voice normally...
DEBUG;2024-07-09 06:16:05;Attempting to start Groovester!
DEBUG;2024-07-09 06:16:05;Using selector: EpollSelector
INFO;2024-07-09 06:16:05;logging in using static token
INFO;2024-07-09 06:16:06;Shard ID None has connected to Gateway (Session ID: 71eebbb04e6f860a45bddeed1fce4198).
INFO;2024-07-09 06:16:08;Groovester started Successfully!
DEBUG;2024-07-09 06:16:11;Message received from camsterrrr: !join
INFO;2024-07-09 06:16:11;Connecting to voice...
INFO;2024-07-09 06:16:11;Starting voice handshake... (connection attempt 1)
INFO;2024-07-09 06:16:11;Voice handshake complete. Endpoint found: santa-clara4454.discord.media
INFO;2024-07-09 06:16:11;Voice connection complete.
DEBUG;2024-07-09 06:16:11;!join successfully connected to the voice channel: General (ID: 984963250238140430)
DEBUG;2024-07-09 06:16:17;Message received from camsterrrr: !leave
ERROR;2024-07-09 06:16:17;'VoiceChannel' object has no attribute 'disconnect'
INFO;2024-07-09 06:17:03;The voice handshake is being terminated for Channel ID 984963250238140430 (Guild ID 984963250238140426)
DEBUG;2024-07-09 06:17:05;Attempting to start Groovester!
DEBUG;2024-07-09 06:17:05;Using selector: EpollSelector
INFO;2024-07-09 06:17:05;logging in using static token
INFO;2024-07-09 06:17:06;Shard ID None has connected to Gateway (Session ID: 8b6dc81002cd727b78375be019e8bdf3).
INFO;2024-07-09 06:17:08;Groovester started Successfully!
DEBUG;2024-07-09 06:17:12;Message received from camsterrrr: !join
INFO;2024-07-09 06:17:12;Connecting to voice...
INFO;2024-07-09 06:17:12;Starting voice handshake... (connection attempt 1)
INFO;2024-07-09 06:17:12;Voice handshake complete. Endpoint found: santa-clara4454.discord.media
INFO;2024-07-09 06:17:12;Voice connection complete.
DEBUG;2024-07-09 06:17:12;!join successfully connected to the voice channel: General (ID: 984963250238140430)
DEBUG;2024-07-09 06:17:16;Message received from camsterrrr: !leave
INFO;2024-07-09 06:17:16;The voice handshake is being terminated for Channel ID 984963250238140430 (Guild ID 984963250238140426)
DEBUG;2024-07-09 06:17:16;!leave successfully disconnected from the voice channel: General (ID: 984963250238140430)
DEBUG;2024-07-09 06:17:54;Message received from camsterrrr: !leave
ERROR;2024-07-09 06:17:54;Ignoring exception in on_message
Traceback (most recent call last):
  File "/home/jbone/.local/lib/python3.10/site-packages/discord/client.py", line 449, in _run_event
    await coro(*args, **kwargs)
  File "/home/jbone/onedrive/projects/Groovester/src/Groovester.py", line 255, in on_message
    if voiceClientInst.is_connected() :
AttributeError: 'NoneType' object has no attribute 'is_connected'
DEBUG;2024-07-09 06:19:40;Message received from camsterrrr: !leave
ERROR;2024-07-09 06:19:40;Ignoring exception in on_message
Traceback (most recent call last):
  File "/home/jbone/.local/lib/python3.10/site-packages/discord/client.py", line 449, in _run_event
    await coro(*args, **kwargs)
  File "/home/jbone/onedrive/projects/Groovester/src/Groovester.py", line 255, in on_message
    if voiceClientInst not None :
AttributeError: 'NoneType' object has no attribute 'is_connected'
DEBUG;2024-07-09 06:20:31;Attempting to start Groovester!
DEBUG;2024-07-09 06:20:31;Using selector: EpollSelector
INFO;2024-07-09 06:20:31;logging in using static token
INFO;2024-07-09 06:20:32;Shard ID None has connected to Gateway (Session ID: ab19732c3431f5982f7bbff098fbadbd).
INFO;2024-07-09 06:20:34;Groovester started Successfully!
DEBUG;2024-07-09 06:20:39;Message received from camsterrrr: !leave
ERROR;2024-07-09 06:20:39;!leave failed, Groovester is not in a voice channel.
DEBUG;2024-07-10 03:26:53;Attempting to start Groovester!
DEBUG;2024-07-10 03:26:53;Using selector: EpollSelector
INFO;2024-07-10 03:26:53;logging in using static token
INFO;2024-07-10 03:26:54;Shard ID None has connected to Gateway (Session ID: c27df72f1b3d9731c662503c7e707fc8).
INFO;2024-07-10 03:26:56;Groovester started Successfully!
DEBUG;2024-07-10 05:58:40;Attempting to start Groovester!
DEBUG;2024-07-10 05:58:40;Using selector: EpollSelector
INFO;2024-07-10 05:58:40;logging in using static token
INFO;2024-07-10 05:58:42;Shard ID None has connected to Gateway (Session ID: de4faa420deecd6044cdd7873b620a77).
INFO;2024-07-10 05:58:44;Groovester started Successfully!
DEBUG;2024-07-10 05:58:52;Message received from camsterrrr: !leave
DEBUG;2024-07-10 05:59:33;Attempting to start Groovester!
DEBUG;2024-07-10 05:59:33;Using selector: EpollSelector
INFO;2024-07-10 05:59:33;logging in using static token
INFO;2024-07-10 05:59:34;Shard ID None has connected to Gateway (Session ID: 235e239dbdde105d9fb705575deebafc).
INFO;2024-07-10 05:59:36;Groovester started Successfully!
DEBUG;2024-07-10 05:59:38;Message received from camsterrrr: !leave
ERROR;2024-07-10 05:59:38;Ignoring exception in on_message
Traceback (most recent call last):
  File "/home/jbone/.local/lib/python3.10/site-packages/discord/client.py", line 449, in _run_event
    await coro(*args, **kwargs)
  File "/home/jbone/onedrive/projects/Groovester/src/client.py", line 185, in on_message
    return await GroovesterEventHandler.leaveClientEvent(message)
  File "/home/jbone/onedrive/projects/Groovester/src/Groovester.py", line 37, in leaveClientEvent
    if not voiceClientInst == None :
NameError: name 'voiceClientInst' is not defined
DEBUG;2024-07-10 06:00:10;Attempting to start Groovester!
DEBUG;2024-07-10 06:00:10;Using selector: EpollSelector
INFO;2024-07-10 06:00:10;logging in using static token
INFO;2024-07-10 06:00:11;Shard ID None has connected to Gateway (Session ID: be03830c9d6a947c6d86589605079217).
INFO;2024-07-10 06:00:13;Groovester started Successfully!
DEBUG;2024-07-10 06:00:15;Message received from camsterrrr: !leave
ERROR;2024-07-10 06:00:15;Ignoring exception in on_message
Traceback (most recent call last):
  File "/home/jbone/.local/lib/python3.10/site-packages/discord/client.py", line 449, in _run_event
    await coro(*args, **kwargs)
  File "/home/jbone/onedrive/projects/Groovester/src/client.py", line 185, in on_message
    return await GroovesterEventHandler.leaveClientEvent(message)
  File "/home/jbone/onedrive/projects/Groovester/src/Groovester.py", line 37, in leaveClientEvent
    if not self.voiceClientInst == None :
NameError: name 'self' is not defined
DEBUG;2024-07-10 06:01:14;Attempting to start Groovester!
DEBUG;2024-07-10 06:01:14;Using selector: EpollSelector
INFO;2024-07-10 06:01:14;logging in using static token
INFO;2024-07-10 06:01:15;Shard ID None has connected to Gateway (Session ID: 79f708bc3b29d5502b2ba6d6aa32c78a).
INFO;2024-07-10 06:01:17;Groovester started Successfully!
DEBUG;2024-07-10 06:01:21;Message received from camsterrrr: !leave
ERROR;2024-07-10 06:01:21;Ignoring exception in on_message
Traceback (most recent call last):
  File "/home/jbone/.local/lib/python3.10/site-packages/discord/client.py", line 449, in _run_event
    await coro(*args, **kwargs)
  File "/home/jbone/onedrive/projects/Groovester/src/client.py", line 185, in on_message
    return await GroovesterEventHandler.leaveClientEvent(message)
TypeError: GroovesterEventHandler.leaveClientEvent() missing 1 required positional argument: 'message'
DEBUG;2024-07-10 06:03:52;Attempting to start Groovester!
DEBUG;2024-07-10 06:03:52;Using selector: EpollSelector
INFO;2024-07-10 06:03:52;logging in using static token
INFO;2024-07-10 06:03:53;Shard ID None has connected to Gateway (Session ID: cee3ca9d052e3fcc6c732e3a83b61a02).
INFO;2024-07-10 06:03:55;Groovester started Successfully!
DEBUG;2024-07-10 06:04:04;Message received from camsterrrr: !leave
ERROR;2024-07-10 06:04:04;Ignoring exception in on_message
Traceback (most recent call last):
  File "/home/jbone/.local/lib/python3.10/site-packages/discord/client.py", line 449, in _run_event
    await coro(*args, **kwargs)
  File "/home/jbone/onedrive/projects/Groovester/src/client.py", line 185, in on_message
    await GroovesterEventHandler.leaveClientEvent(message)
TypeError: GroovesterEventHandler.leaveClientEvent() missing 1 required positional argument: 'message'
DEBUG;2024-07-10 06:07:11;Attempting to start Groovester!
DEBUG;2024-07-10 06:07:11;Using selector: EpollSelector
INFO;2024-07-10 06:07:11;logging in using static token
INFO;2024-07-10 06:07:12;Shard ID None has connected to Gateway (Session ID: 1f259220fd62d3e0d783866e39c13520).
INFO;2024-07-10 06:07:14;Groovester started Successfully!
DEBUG;2024-07-10 06:07:17;Message received from camsterrrr: !leave
ERROR;2024-07-10 06:07:17;Ignoring exception in on_message
Traceback (most recent call last):
  File "/home/jbone/.local/lib/python3.10/site-packages/discord/client.py", line 449, in _run_event
    await coro(*args, **kwargs)
  File "/home/jbone/onedrive/projects/Groovester/src/client.py", line 185, in on_message
    await groovesterEventHandler.leaveClientEvent(message)
  File "/home/jbone/onedrive/projects/Groovester/src/Groovester.py", line 49, in leaveClientEvent
    log.error("!leave failed, Groovester is not in a voice channel.")
NameError: name 'log' is not defined
DEBUG;2024-07-10 06:11:00;Attempting to start Groovester!
DEBUG;2024-07-10 06:11:00;Using selector: EpollSelector
INFO;2024-07-10 06:11:00;logging in using static token
INFO;2024-07-10 06:11:02;Shard ID None has connected to Gateway (Session ID: 243265cea452898811e4cee91bda5113).
INFO;2024-07-10 06:11:04;Groovester started Successfully!
DEBUG;2024-07-10 06:11:08;Message received from camsterrrr: !leave
ERROR;2024-07-10 06:11:08;!leave failed, Groovester is not in a voice channel.
ERROR;2024-07-10 06:11:08;Ignoring exception in on_message
Traceback (most recent call last):
  File "/home/jbone/.local/lib/python3.10/site-packages/discord/client.py", line 449, in _run_event
    await coro(*args, **kwargs)
  File "/home/jbone/onedrive/projects/Groovester/src/client.py", line 185, in on_message
    await groovesterEventHandler.leaveClientEvent(message)
  File "/home/jbone/onedrive/projects/Groovester/src/Groovester.py", line 53, in leaveClientEvent
    await message.channel.send(_leaveCommandNoActiveVoiceChannel)
NameError: name '_leaveCommandNoActiveVoiceChannel' is not defined
DEBUG;2024-07-10 06:11:39;Attempting to start Groovester!
DEBUG;2024-07-10 06:11:39;Using selector: EpollSelector
INFO;2024-07-10 06:11:39;logging in using static token
INFO;2024-07-10 06:11:40;Shard ID None has connected to Gateway (Session ID: 8b41255dba213dc0f79b3ad570bd7bcd).
INFO;2024-07-10 06:11:42;Groovester started Successfully!
DEBUG;2024-07-10 06:11:46;Message received from camsterrrr: !leave
ERROR;2024-07-10 06:11:46;!leave failed, Groovester is not in a voice channel.
DEBUG;2024-07-10 06:24:48;Attempting to start Groovester!
DEBUG;2024-07-10 06:24:48;Using selector: EpollSelector
INFO;2024-07-10 06:24:48;logging in using static token
INFO;2024-07-10 06:24:49;Shard ID None has connected to Gateway (Session ID: 380aedebad95b872536235348dc355f5).
INFO;2024-07-10 06:24:51;Groovester started Successfully!
DEBUG;2024-07-10 06:24:54;Message received from camsterrrr: !join
ERROR;2024-07-10 06:24:54;!join failed, author is not in a voice channel.
ERROR;2024-07-10 06:24:54;Ignoring exception in on_message
Traceback (most recent call last):
  File "/home/jbone/.local/lib/python3.10/site-packages/discord/client.py", line 449, in _run_event
    await coro(*args, **kwargs)
  File "/home/jbone/onedrive/projects/Groovester/src/client.py", line 164, in on_message
    return await groovesterEventHandler.joinClientEvent(message)
  File "/home/jbone/onedrive/projects/Groovester/src/Groovester.py", line 51, in joinClientEvent
    await message.channel.send(_joinCommandNoActiveVoiceChannel)
NameError: name '_joinCommandNoActiveVoiceChannel' is not defined
DEBUG;2024-07-10 06:25:14;Message received from camsterrrr: !join
ERROR;2024-07-10 06:25:14;!join failed, author is not in a voice channel.
ERROR;2024-07-10 06:25:14;Ignoring exception in on_message
Traceback (most recent call last):
  File "/home/jbone/.local/lib/python3.10/site-packages/discord/client.py", line 449, in _run_event
    await coro(*args, **kwargs)
  File "/home/jbone/onedrive/projects/Groovester/src/client.py", line 164, in on_message
    return await groovesterEventHandler.joinClientEvent(message)
  File "/home/jbone/onedrive/projects/Groovester/src/Groovester.py", line 51, in joinClientEvent
    await message.channel.send(ErrorMessages._joinCommandNoActiveVoiceChannel)
NameError: name '_joinCommandNoActiveVoiceChannel' is not defined
DEBUG;2024-07-10 06:25:19;Attempting to start Groovester!
DEBUG;2024-07-10 06:25:19;Using selector: EpollSelector
INFO;2024-07-10 06:25:19;logging in using static token
INFO;2024-07-10 06:25:20;Shard ID None has connected to Gateway (Session ID: f4381e55ee66ae1539ab57f32deb916e).
INFO;2024-07-10 06:25:22;Groovester started Successfully!
DEBUG;2024-07-10 06:25:24;Message received from camsterrrr: !join
ERROR;2024-07-10 06:25:24;!join failed, author is not in a voice channel.
DEBUG;2024-07-10 06:29:06;Attempting to start Groovester!
DEBUG;2024-07-10 06:29:06;Using selector: EpollSelector
INFO;2024-07-10 06:29:06;logging in using static token
INFO;2024-07-10 06:29:07;Shard ID None has connected to Gateway (Session ID: 3e72f226f373b2f2c6aa7bb0d6a92de9).
INFO;2024-07-10 06:29:09;Groovester started Successfully!
DEBUG;2024-07-10 06:29:12;Message received from camsterrrr: !play
ERROR;2024-07-10 06:29:12;Ignoring exception in on_message
Traceback (most recent call last):
  File "/home/jbone/.local/lib/python3.10/site-packages/discord/client.py", line 449, in _run_event
    await coro(*args, **kwargs)
  File "/home/jbone/onedrive/projects/Groovester/src/client.py", line 92, in on_message
    return await groovesterEventHandler.playClientEvent(message)
  File "/home/jbone/onedrive/projects/Groovester/src/Groovester.py", line 101, in playClientEvent
    await message.channel.send(_playCommandIncorrectParameters)
NameError: name '_playCommandIncorrectParameters' is not defined
DEBUG;2024-07-10 06:29:41;Attempting to start Groovester!
DEBUG;2024-07-10 06:29:41;Using selector: EpollSelector
INFO;2024-07-10 06:29:41;logging in using static token
INFO;2024-07-10 06:29:42;Shard ID None has connected to Gateway (Session ID: 596284107a36969b281b48795b6e9d87).
INFO;2024-07-10 06:29:44;Groovester started Successfully!
DEBUG;2024-07-10 06:29:46;Message received from camsterrrr: !play
DEBUG;2024-07-10 06:33:42;Attempting to start Groovester!
DEBUG;2024-07-10 06:33:42;Using selector: EpollSelector
INFO;2024-07-10 06:33:42;logging in using static token
INFO;2024-07-10 06:33:44;Shard ID None has connected to Gateway (Session ID: f616b25e496ed08ccfc6ec020a55a479).
INFO;2024-07-10 06:33:46;Groovester started Successfully!
ERROR;2024-07-10 17:50:58;An err occurred while trying to start the Groovster client:  name 'DebugMessages' is not defined
ERROR;2024-07-10 17:51:12;An err occurred while trying to start the Groovster client:  name 'DebugMessages' is not defined
DEBUG;2024-07-10 17:52:26;Attempting to start Groovester!
DEBUG;2024-07-10 17:52:26;Using selector: EpollSelector
INFO;2024-07-10 17:52:26;logging in using static token
INFO;2024-07-10 17:52:27;Shard ID None has connected to Gateway (Session ID: d2e18949fc092d2fb84db5ca7e4cfc46).
INFO;2024-07-10 17:52:29;Groovester started Successfully!
DEBUG;2024-07-10 17:52:38;Message received from camsterrrr: !leave
ERROR;2024-07-10 17:52:38;!leave failed, Groovester is not in a voice channel.
DEBUG;2024-07-10 17:52:45;Message received from camsterrrr: !play asdf
DEBUG;2024-07-10 17:52:59;Message received from camsterrrr: !play https://github.com/camsterrrr
DEBUG;2024-07-10 17:56:53;Message received from camsterrrr: !play https://www.youtube.com/watch?v=5_xKLgaCwkM
DEBUG;2024-07-10 17:57:30;Attempting to start Groovester!
DEBUG;2024-07-10 17:57:30;Using selector: EpollSelector
INFO;2024-07-10 17:57:30;logging in using static token
INFO;2024-07-10 17:57:31;Shard ID None has connected to Gateway (Session ID: 50086eca0cc23d0f452b1657aea2b269).
INFO;2024-07-10 17:57:33;Groovester started Successfully!
DEBUG;2024-07-10 17:57:40;Message received from camsterrrr: !play https://www.youtube.com/watch?v=5_xKLgaCwkM
DEBUG;2024-07-10 17:57:40;matched regex search: (?:v=|\/)([0-9A-Za-z_-]{11}).*
DEBUG;2024-07-10 17:57:41;applying descrambler
DEBUG;2024-07-10 17:57:41;finding initial function name
DEBUG;2024-07-10 17:57:41;Pattern failed: ytplayer\.config\s*=\s*
DEBUG;2024-07-10 17:57:41;Could not parse object.
DEBUG;2024-07-10 17:57:41;finished regex search, matched: (/s/player/[\w\d]+/[\w\d_/.]+/base\.js)
DEBUG;2024-07-10 17:57:41;finding initial function name
DEBUG;2024-07-10 17:57:42;finished regex search, matched: (?P<sig>[a-zA-Z0-9$]+)\s*=\s*function\(\s*a\s*\)\s*{\s*a\s*=\s*a\.split\(\s*""\s*\)
DEBUG;2024-07-10 17:57:42;getting transform plan
DEBUG;2024-07-10 17:57:42;matched regex search: SBa=function\(\w\){[a-z=\.\(\"\)]*;(.*);(?:.+)}
DEBUG;2024-07-10 17:57:42;getting transform object
DEBUG;2024-07-10 17:57:42;Finding throttling function name
DEBUG;2024-07-10 17:57:42;finding initial function name
DEBUG;2024-07-10 17:57:42;Pattern failed: ytplayer\.config\s*=\s*
DEBUG;2024-07-10 17:57:42;Could not parse object.
DEBUG;2024-07-10 17:57:42;finished regex search, matched: (/s/player/[\w\d]+/[\w\d_/.]+/base\.js)
DEBUG;2024-07-10 17:57:42;finding initial function name
DEBUG;2024-07-10 17:57:42;finished regex search, matched: (?P<sig>[a-zA-Z0-9$]+)\s*=\s*function\(\s*a\s*\)\s*{\s*a\s*=\s*a\.split\(\s*""\s*\)
DEBUG;2024-07-10 17:57:42;getting transform plan
DEBUG;2024-07-10 17:57:42;matched regex search: SBa=function\(\w\){[a-z=\.\(\"\)]*;(.*);(?:.+)}
DEBUG;2024-07-10 17:57:42;getting transform object
DEBUG;2024-07-10 17:57:42;Finding throttling function name
ERROR;2024-07-10 17:57:42;Ignoring exception in on_message
Traceback (most recent call last):
  File "/home/jbone/.local/lib/python3.10/site-packages/pytube/__main__.py", line 181, in fmt_streams
    extract.apply_signature(stream_manifest, self.vid_info, self.js)
  File "/home/jbone/.local/lib/python3.10/site-packages/pytube/extract.py", line 409, in apply_signature
    cipher = Cipher(js=js)
  File "/home/jbone/.local/lib/python3.10/site-packages/pytube/cipher.py", line 43, in __init__
    self.throttling_plan = get_throttling_plan(js)
  File "/home/jbone/.local/lib/python3.10/site-packages/pytube/cipher.py", line 405, in get_throttling_plan
    raw_code = get_throttling_function_code(js)
  File "/home/jbone/.local/lib/python3.10/site-packages/pytube/cipher.py", line 311, in get_throttling_function_code
    name = re.escape(get_throttling_function_name(js))
  File "/home/jbone/.local/lib/python3.10/site-packages/pytube/cipher.py", line 296, in get_throttling_function_name
    raise RegexMatchError(
pytube.exceptions.RegexMatchError: get_throttling_function_name: could not find match for multiple

During handling of the above exception, another exception occurred:

Traceback (most recent call last):
  File "/home/jbone/.local/lib/python3.10/site-packages/discord/client.py", line 449, in _run_event
    await coro(*args, **kwargs)
  File "/home/jbone/onedrive/projects/Groovester/src/client.py", line 57, in on_message
    return await groovesterEventHandler.playClientEvent(message)
  File "/home/jbone/onedrive/projects/Groovester/src/Groovester.py", line 156, in playClientEvent
    ytObj = ytObj.streams.get_highest_resolution()
  File "/home/jbone/.local/lib/python3.10/site-packages/pytube/__main__.py", line 296, in streams
    return StreamQuery(self.fmt_streams)
  File "/home/jbone/.local/lib/python3.10/site-packages/pytube/__main__.py", line 188, in fmt_streams
    extract.apply_signature(stream_manifest, self.vid_info, self.js)
  File "/home/jbone/.local/lib/python3.10/site-packages/pytube/extract.py", line 409, in apply_signature
    cipher = Cipher(js=js)
  File "/home/jbone/.local/lib/python3.10/site-packages/pytube/cipher.py", line 43, in __init__
    self.throttling_plan = get_throttling_plan(js)
  File "/home/jbone/.local/lib/python3.10/site-packages/pytube/cipher.py", line 405, in get_throttling_plan
    raw_code = get_throttling_function_code(js)
  File "/home/jbone/.local/lib/python3.10/site-packages/pytube/cipher.py", line 311, in get_throttling_function_code
    name = re.escape(get_throttling_function_name(js))
  File "/home/jbone/.local/lib/python3.10/site-packages/pytube/cipher.py", line 296, in get_throttling_function_name
    raise RegexMatchError(
pytube.exceptions.RegexMatchError: get_throttling_function_name: could not find match for multiple
DEBUG;2024-07-10 18:06:16;Attempting to start Groovester!
DEBUG;2024-07-10 18:06:16;Using selector: EpollSelector
INFO;2024-07-10 18:06:16;logging in using static token
INFO;2024-07-10 18:06:17;Shard ID None has connected to Gateway (Session ID: 72ba7485822c6abc16bbe7fc3da05499).
INFO;2024-07-10 18:06:19;Groovester started Successfully!
DEBUG;2024-07-10 18:06:37;Message received from camsterrrr: !play https://www.youtube.com/watch?v=5_xKLgaCwkM
DEBUG;2024-07-10 18:06:37;matched regex search: (?:v=|\/)([0-9A-Za-z_-]{11}).*
DEBUG;2024-07-10 18:06:38;applying descrambler
DEBUG;2024-07-10 18:06:38;finding initial function name
DEBUG;2024-07-10 18:06:38;Pattern failed: ytplayer\.config\s*=\s*
DEBUG;2024-07-10 18:06:38;Could not parse object.
DEBUG;2024-07-10 18:06:38;finished regex search, matched: (/s/player/[\w\d]+/[\w\d_/.]+/base\.js)
DEBUG;2024-07-10 18:06:39;finding initial function name
DEBUG;2024-07-10 18:06:39;finished regex search, matched: (?P<sig>[a-zA-Z0-9$]+)\s*=\s*function\(\s*a\s*\)\s*{\s*a\s*=\s*a\.split\(\s*""\s*\)
DEBUG;2024-07-10 18:06:39;getting transform plan
DEBUG;2024-07-10 18:06:39;matched regex search: SBa=function\(\w\){[a-z=\.\(\"\)]*;(.*);(?:.+)}
DEBUG;2024-07-10 18:06:39;getting transform object
DEBUG;2024-07-10 18:06:39;Finding throttling function name
DEBUG;2024-07-10 18:06:39;finding initial function name
DEBUG;2024-07-10 18:06:39;Pattern failed: ytplayer\.config\s*=\s*
DEBUG;2024-07-10 18:06:39;Could not parse object.
DEBUG;2024-07-10 18:06:39;finished regex search, matched: (/s/player/[\w\d]+/[\w\d_/.]+/base\.js)
DEBUG;2024-07-10 18:06:39;finding initial function name
DEBUG;2024-07-10 18:06:39;finished regex search, matched: (?P<sig>[a-zA-Z0-9$]+)\s*=\s*function\(\s*a\s*\)\s*{\s*a\s*=\s*a\.split\(\s*""\s*\)
DEBUG;2024-07-10 18:06:39;getting transform plan
DEBUG;2024-07-10 18:06:39;matched regex search: SBa=function\(\w\){[a-z=\.\(\"\)]*;(.*);(?:.+)}
DEBUG;2024-07-10 18:06:39;getting transform object
DEBUG;2024-07-10 18:06:39;Finding throttling function name
ERROR;2024-07-10 18:06:39;Ignoring exception in on_message
Traceback (most recent call last):
  File "/home/jbone/.local/lib/python3.10/site-packages/pytube/__main__.py", line 181, in fmt_streams
    extract.apply_signature(stream_manifest, self.vid_info, self.js)
  File "/home/jbone/.local/lib/python3.10/site-packages/pytube/extract.py", line 409, in apply_signature
    cipher = Cipher(js=js)
  File "/home/jbone/.local/lib/python3.10/site-packages/pytube/cipher.py", line 43, in __init__
    self.throttling_plan = get_throttling_plan(js)
  File "/home/jbone/.local/lib/python3.10/site-packages/pytube/cipher.py", line 405, in get_throttling_plan
    raw_code = get_throttling_function_code(js)
  File "/home/jbone/.local/lib/python3.10/site-packages/pytube/cipher.py", line 311, in get_throttling_function_code
    name = re.escape(get_throttling_function_name(js))
  File "/home/jbone/.local/lib/python3.10/site-packages/pytube/cipher.py", line 296, in get_throttling_function_name
    raise RegexMatchError(
pytube.exceptions.RegexMatchError: get_throttling_function_name: could not find match for multiple

During handling of the above exception, another exception occurred:

Traceback (most recent call last):
  File "/home/jbone/.local/lib/python3.10/site-packages/discord/client.py", line 449, in _run_event
    await coro(*args, **kwargs)
  File "/home/jbone/onedrive/projects/Groovester/src/client.py", line 57, in on_message
    return await groovesterEventHandler.playClientEvent(message)
  File "/home/jbone/onedrive/projects/Groovester/src/Groovester.py", line 154, in playClientEvent
    ytObj = ytObj.streams.get_highest_resolution()
  File "/home/jbone/.local/lib/python3.10/site-packages/pytube/__main__.py", line 296, in streams
    return StreamQuery(self.fmt_streams)
  File "/home/jbone/.local/lib/python3.10/site-packages/pytube/__main__.py", line 188, in fmt_streams
    extract.apply_signature(stream_manifest, self.vid_info, self.js)
  File "/home/jbone/.local/lib/python3.10/site-packages/pytube/extract.py", line 409, in apply_signature
    cipher = Cipher(js=js)
  File "/home/jbone/.local/lib/python3.10/site-packages/pytube/cipher.py", line 43, in __init__
    self.throttling_plan = get_throttling_plan(js)
  File "/home/jbone/.local/lib/python3.10/site-packages/pytube/cipher.py", line 405, in get_throttling_plan
    raw_code = get_throttling_function_code(js)
  File "/home/jbone/.local/lib/python3.10/site-packages/pytube/cipher.py", line 311, in get_throttling_function_code
    name = re.escape(get_throttling_function_name(js))
  File "/home/jbone/.local/lib/python3.10/site-packages/pytube/cipher.py", line 296, in get_throttling_function_name
    raise RegexMatchError(
pytube.exceptions.RegexMatchError: get_throttling_function_name: could not find match for multiple
DEBUG;2024-07-10 18:18:58;YouTube video URL: https://www.youtube.com/watch?v=5_xKLgaCwkM
DEBUG;2024-07-10 18:18:58;matched regex search: (?:v=|\/)([0-9A-Za-z_-]{11}).*
DEBUG;2024-07-10 18:18:58;Starting to download
DEBUG;2024-07-10 18:18:58;Finished the download
INFO;2024-07-10 18:18:58;Downloaded completed successfully!
DEBUG;2024-07-10 19:15:11;Attempting to start Groovester!
DEBUG;2024-07-10 19:15:11;Using selector: EpollSelector
INFO;2024-07-10 19:15:11;logging in using static token
INFO;2024-07-10 19:15:12;Shard ID None has connected to Gateway (Session ID: e5d3d88e5afd61e72dc1ce412e94b4cc).
INFO;2024-07-10 19:15:14;Groovester started Successfully!
DEBUG;2024-07-10 19:15:24;Message received from camsterrrr: !play https://www.youtube.com/watch?v=5_xKLgaCwkM
DEBUG;2024-07-10 19:15:24;matched regex search: (?:v=|\/)([0-9A-Za-z_-]{11}).*
DEBUG;2024-07-10 19:15:25;applying descrambler
DEBUG;2024-07-10 19:15:25;finding initial function name
DEBUG;2024-07-10 19:15:25;Pattern failed: ytplayer\.config\s*=\s*
DEBUG;2024-07-10 19:15:25;Could not parse object.
DEBUG;2024-07-10 19:15:25;finished regex search, matched: (/s/player/[\w\d]+/[\w\d_/.]+/base\.js)
DEBUG;2024-07-10 19:15:26;finding initial function name
DEBUG;2024-07-10 19:15:26;finished regex search, matched: (?P<sig>[a-zA-Z0-9$]+)\s*=\s*function\(\s*a\s*\)\s*{\s*a\s*=\s*a\.split\(\s*""\s*\)
DEBUG;2024-07-10 19:15:26;getting transform plan
DEBUG;2024-07-10 19:15:26;matched regex search: SBa=function\(\w\){[a-z=\.\(\"\)]*;(.*);(?:.+)}
DEBUG;2024-07-10 19:15:26;getting transform object
DEBUG;2024-07-10 19:15:26;Finding throttling function name
DEBUG;2024-07-10 19:15:26;finished regex search, matched: \([a-z]\s*=\s*([a-zA-Z0-9$]+)(\[\d+\])?\([a-z]\)
DEBUG;2024-07-10 19:15:26;finished regex search, matched: \([a-z]\s*=\s*([a-zA-Z0-9$]+)(\[\d+\])\([a-z]\)
DEBUG;2024-07-10 19:15:26;Finding throttling function name
DEBUG;2024-07-10 19:15:26;finished regex search, matched: \([a-z]\s*=\s*([a-zA-Z0-9$]+)(\[\d+\])?\([a-z]\)
DEBUG;2024-07-10 19:15:26;finished regex search, matched: \([a-z]\s*=\s*([a-zA-Z0-9$]+)(\[\d+\])\([a-z]\)
DEBUG;2024-07-10 19:15:26;signature found, skip decipher
DEBUG;2024-07-10 19:15:26;signature found, skip decipher
DEBUG;2024-07-10 19:15:26;signature found, skip decipher
DEBUG;2024-07-10 19:15:26;signature found, skip decipher
DEBUG;2024-07-10 19:15:26;signature found, skip decipher
DEBUG;2024-07-10 19:15:26;signature found, skip decipher
DEBUG;2024-07-10 19:15:26;signature found, skip decipher
DEBUG;2024-07-10 19:15:26;signature found, skip decipher
DEBUG;2024-07-10 19:15:27;downloading (5002439 total bytes) file to /tmp/Groovester/downloads/analog fade (new bule sky)  hot mulligan.mp4
DEBUG;2024-07-10 19:15:28;download remaining: 0
DEBUG;2024-07-10 19:15:28;download finished
DEBUG;2024-07-10 19:15:28;!play successfully downloaded the following video: https://www.youtube.com/watch?v=5_xKLgaCwkM
ERROR;2024-07-10 19:15:28;Ignoring exception in on_message
Traceback (most recent call last):
  File "/home/jbone/.local/lib/python3.10/site-packages/discord/client.py", line 449, in _run_event
    await coro(*args, **kwargs)
  File "/home/jbone/onedrive/projects/Groovester/src/client.py", line 57, in on_message
    return await groovesterEventHandler.playClientEvent(message)
  File "/home/jbone/onedrive/projects/Groovester/src/Groovester.py", line 176, in playClientEvent
    self.listOfDownloadedSongsToPlay.append[absPathToYtAudio]
TypeError: 'builtin_function_or_method' object is not subscriptable
DEBUG;2024-07-10 19:16:41;Attempting to start Groovester!
DEBUG;2024-07-10 19:16:41;Using selector: EpollSelector
INFO;2024-07-10 19:16:41;logging in using static token
INFO;2024-07-10 19:16:42;Shard ID None has connected to Gateway (Session ID: 8b7320a71140abfa4316fc567636043e).
INFO;2024-07-10 19:16:44;Groovester started Successfully!
DEBUG;2024-07-10 19:16:47;Message received from camsterrrr: !play https://www.youtube.com/watch?v=5_xKLgaCwkM
DEBUG;2024-07-10 19:16:47;matched regex search: (?:v=|\/)([0-9A-Za-z_-]{11}).*
DEBUG;2024-07-10 19:16:48;applying descrambler
DEBUG;2024-07-10 19:16:48;finding initial function name
DEBUG;2024-07-10 19:16:48;Pattern failed: ytplayer\.config\s*=\s*
DEBUG;2024-07-10 19:16:48;Could not parse object.
DEBUG;2024-07-10 19:16:48;finished regex search, matched: (/s/player/[\w\d]+/[\w\d_/.]+/base\.js)
DEBUG;2024-07-10 19:16:49;finding initial function name
DEBUG;2024-07-10 19:16:49;finished regex search, matched: (?P<sig>[a-zA-Z0-9$]+)\s*=\s*function\(\s*a\s*\)\s*{\s*a\s*=\s*a\.split\(\s*""\s*\)
DEBUG;2024-07-10 19:16:49;getting transform plan
DEBUG;2024-07-10 19:16:49;matched regex search: SBa=function\(\w\){[a-z=\.\(\"\)]*;(.*);(?:.+)}
DEBUG;2024-07-10 19:16:49;getting transform object
DEBUG;2024-07-10 19:16:49;Finding throttling function name
DEBUG;2024-07-10 19:16:49;finished regex search, matched: \([a-z]\s*=\s*([a-zA-Z0-9$]+)(\[\d+\])?\([a-z]\)
DEBUG;2024-07-10 19:16:49;finished regex search, matched: \([a-z]\s*=\s*([a-zA-Z0-9$]+)(\[\d+\])\([a-z]\)
DEBUG;2024-07-10 19:16:49;Finding throttling function name
DEBUG;2024-07-10 19:16:49;finished regex search, matched: \([a-z]\s*=\s*([a-zA-Z0-9$]+)(\[\d+\])?\([a-z]\)
DEBUG;2024-07-10 19:16:49;finished regex search, matched: \([a-z]\s*=\s*([a-zA-Z0-9$]+)(\[\d+\])\([a-z]\)
DEBUG;2024-07-10 19:16:49;signature found, skip decipher
DEBUG;2024-07-10 19:16:49;signature found, skip decipher
DEBUG;2024-07-10 19:16:49;signature found, skip decipher
DEBUG;2024-07-10 19:16:49;signature found, skip decipher
DEBUG;2024-07-10 19:16:49;signature found, skip decipher
DEBUG;2024-07-10 19:16:49;signature found, skip decipher
DEBUG;2024-07-10 19:16:49;signature found, skip decipher
DEBUG;2024-07-10 19:16:49;signature found, skip decipher
DEBUG;2024-07-10 19:16:49;downloading (1425301 total bytes) file to /tmp/Groovester/downloads/analog fade (new bule sky)  hot mulligan.mp4
DEBUG;2024-07-10 19:16:49;download remaining: 0
DEBUG;2024-07-10 19:16:49;download finished
DEBUG;2024-07-10 19:16:49;!play successfully downloaded the following video: https://www.youtube.com/watch?v=5_xKLgaCwkM
ERROR;2024-07-10 19:16:49;Ignoring exception in on_message
Traceback (most recent call last):
  File "/home/jbone/.local/lib/python3.10/site-packages/discord/client.py", line 449, in _run_event
    await coro(*args, **kwargs)
  File "/home/jbone/onedrive/projects/Groovester/src/client.py", line 57, in on_message
    return await groovesterEventHandler.playClientEvent(message)
  File "/home/jbone/onedrive/projects/Groovester/src/Groovester.py", line 176, in playClientEvent
    self.listOfDownloadedSongsToPlay.append[absPathToYtAudio]
TypeError: 'builtin_function_or_method' object is not subscriptable
DEBUG;2024-07-10 19:23:49;Attempting to start Groovester!
DEBUG;2024-07-10 19:23:49;Using selector: EpollSelector
INFO;2024-07-10 19:23:49;logging in using static token
INFO;2024-07-10 19:23:50;Shard ID None has connected to Gateway (Session ID: 50c93f64d27cdc5587460625b7362e35).
INFO;2024-07-10 19:23:52;Groovester started Successfully!
DEBUG;2024-07-10 19:24:00;Message received from camsterrrr: !play https://www.youtube.com/watch?v=5_xKLgaCwkM
DEBUG;2024-07-10 19:24:00;matched regex search: (?:v=|\/)([0-9A-Za-z_-]{11}).*
DEBUG;2024-07-10 19:24:01;applying descrambler
DEBUG;2024-07-10 19:24:01;finding initial function name
DEBUG;2024-07-10 19:24:01;Pattern failed: ytplayer\.config\s*=\s*
DEBUG;2024-07-10 19:24:01;Could not parse object.
DEBUG;2024-07-10 19:24:01;finished regex search, matched: (/s/player/[\w\d]+/[\w\d_/.]+/base\.js)
DEBUG;2024-07-10 19:24:01;finding initial function name
DEBUG;2024-07-10 19:24:02;finished regex search, matched: (?P<sig>[a-zA-Z0-9$]+)\s*=\s*function\(\s*a\s*\)\s*{\s*a\s*=\s*a\.split\(\s*""\s*\)
DEBUG;2024-07-10 19:24:02;getting transform plan
DEBUG;2024-07-10 19:24:02;matched regex search: SBa=function\(\w\){[a-z=\.\(\"\)]*;(.*);(?:.+)}
DEBUG;2024-07-10 19:24:02;getting transform object
DEBUG;2024-07-10 19:24:02;Finding throttling function name
DEBUG;2024-07-10 19:24:02;finished regex search, matched: \([a-z]\s*=\s*([a-zA-Z0-9$]+)(\[\d+\])?\([a-z]\)
DEBUG;2024-07-10 19:24:02;finished regex search, matched: \([a-z]\s*=\s*([a-zA-Z0-9$]+)(\[\d+\])\([a-z]\)
DEBUG;2024-07-10 19:24:02;Finding throttling function name
DEBUG;2024-07-10 19:24:02;finished regex search, matched: \([a-z]\s*=\s*([a-zA-Z0-9$]+)(\[\d+\])?\([a-z]\)
DEBUG;2024-07-10 19:24:02;finished regex search, matched: \([a-z]\s*=\s*([a-zA-Z0-9$]+)(\[\d+\])\([a-z]\)
DEBUG;2024-07-10 19:24:02;signature found, skip decipher
DEBUG;2024-07-10 19:24:02;signature found, skip decipher
DEBUG;2024-07-10 19:24:02;signature found, skip decipher
DEBUG;2024-07-10 19:24:02;signature found, skip decipher
DEBUG;2024-07-10 19:24:02;signature found, skip decipher
DEBUG;2024-07-10 19:24:02;signature found, skip decipher
DEBUG;2024-07-10 19:24:02;signature found, skip decipher
DEBUG;2024-07-10 19:24:02;signature found, skip decipher
DEBUG;2024-07-10 19:24:02;file /tmp/Groovester/downloads/analog fade (new bule sky)  hot mulligan.mp4 already exists, skipping
DEBUG;2024-07-10 19:24:02;download finished
DEBUG;2024-07-10 19:24:02;!play successfully downloaded the following video: https://www.youtube.com/watch?v=5_xKLgaCwkM
DEBUG;2024-07-10 19:24:30;Attempting to start Groovester!
DEBUG;2024-07-10 19:24:30;Using selector: EpollSelector
INFO;2024-07-10 19:24:30;logging in using static token
INFO;2024-07-10 19:24:31;Shard ID None has connected to Gateway (Session ID: 24e0bdb8dcdb7622a2b73e0693bfcf2c).
INFO;2024-07-10 19:24:33;Groovester started Successfully!
DEBUG;2024-07-10 19:24:35;Message received from camsterrrr: !play https://www.youtube.com/watch?v=5_xKLgaCwkM
DEBUG;2024-07-10 19:24:35;matched regex search: (?:v=|\/)([0-9A-Za-z_-]{11}).*
DEBUG;2024-07-10 19:24:36;applying descrambler
DEBUG;2024-07-10 19:24:36;finding initial function name
DEBUG;2024-07-10 19:24:36;Pattern failed: ytplayer\.config\s*=\s*
DEBUG;2024-07-10 19:24:36;Could not parse object.
DEBUG;2024-07-10 19:24:36;finished regex search, matched: (/s/player/[\w\d]+/[\w\d_/.]+/base\.js)
DEBUG;2024-07-10 19:24:37;finding initial function name
DEBUG;2024-07-10 19:24:37;finished regex search, matched: (?P<sig>[a-zA-Z0-9$]+)\s*=\s*function\(\s*a\s*\)\s*{\s*a\s*=\s*a\.split\(\s*""\s*\)
DEBUG;2024-07-10 19:24:37;getting transform plan
DEBUG;2024-07-10 19:24:37;matched regex search: SBa=function\(\w\){[a-z=\.\(\"\)]*;(.*);(?:.+)}
DEBUG;2024-07-10 19:24:37;getting transform object
DEBUG;2024-07-10 19:24:37;Finding throttling function name
DEBUG;2024-07-10 19:24:37;finished regex search, matched: \([a-z]\s*=\s*([a-zA-Z0-9$]+)(\[\d+\])?\([a-z]\)
DEBUG;2024-07-10 19:24:37;finished regex search, matched: \([a-z]\s*=\s*([a-zA-Z0-9$]+)(\[\d+\])\([a-z]\)
DEBUG;2024-07-10 19:24:37;Finding throttling function name
DEBUG;2024-07-10 19:24:37;finished regex search, matched: \([a-z]\s*=\s*([a-zA-Z0-9$]+)(\[\d+\])?\([a-z]\)
DEBUG;2024-07-10 19:24:37;finished regex search, matched: \([a-z]\s*=\s*([a-zA-Z0-9$]+)(\[\d+\])\([a-z]\)
DEBUG;2024-07-10 19:24:37;signature found, skip decipher
DEBUG;2024-07-10 19:24:37;signature found, skip decipher
DEBUG;2024-07-10 19:24:37;signature found, skip decipher
DEBUG;2024-07-10 19:24:37;signature found, skip decipher
DEBUG;2024-07-10 19:24:37;signature found, skip decipher
DEBUG;2024-07-10 19:24:37;signature found, skip decipher
DEBUG;2024-07-10 19:24:37;signature found, skip decipher
DEBUG;2024-07-10 19:24:37;signature found, skip decipher
DEBUG;2024-07-10 19:24:37;file /tmp/Groovester/downloads/analog fade (new bule sky)  hot mulligan.mp4 already exists, skipping
DEBUG;2024-07-10 19:24:37;download finished
DEBUG;2024-07-10 19:24:37;!play successfully downloaded the following video: https://www.youtube.com/watch?v=5_xKLgaCwkM
DEBUG;2024-07-10 19:24:37;Adding YouTube video URL to queue:  /tmp/Groovester/downloadsanalog fade (new bule sky) // hot mulligan
ERROR;2024-07-10 19:24:37;Ignoring exception in on_message
Traceback (most recent call last):
  File "/home/jbone/.local/lib/python3.10/site-packages/discord/client.py", line 449, in _run_event
    await coro(*args, **kwargs)
  File "/home/jbone/onedrive/projects/Groovester/src/client.py", line 57, in on_message
    return await groovesterEventHandler.playClientEvent(message)
  File "/home/jbone/onedrive/projects/Groovester/src/Groovester.py", line 182, in playClientEvent
    self.readerCv.signal()
AttributeError: 'Condition' object has no attribute 'signal'
